<?xml version="1.0" encoding="UTF-8"?>
<!-- Generated by org.testng.reporters.JUnitXMLReporter -->
<testsuite hostname="ADMIN-PC" failures="2" tests="2" name="Test-firstround" time="22.65" errors="0" timestamp="20 Nov 2020 10:49:49 GMT">
  <testcase classname="Classes.SwitchWindow" name="Mouseover" time="12.052">
    <failure type="org.openqa.selenium.StaleElementReferenceException" message="stale element reference: element is not attached to the page document
  (Session info: chrome=87.0.4280.66)
For documentation on this error, please visit: https://www.seleniumhq.org/exceptions/stale_element_reference.html
Build info: version: &amp;apos;3.141.59&amp;apos;, revision: &amp;apos;e82be7d358&amp;apos;, time: &amp;apos;2018-11-14T08:17:03&amp;apos;
System info: host: &amp;apos;ADMIN-PC&amp;apos;, ip: &amp;apos;192.168.0.59&amp;apos;, os.name: &amp;apos;Windows 7&amp;apos;, os.arch: &amp;apos;amd64&amp;apos;, os.version: &amp;apos;6.1&amp;apos;, java.version: &amp;apos;15.0.1&amp;apos;
Driver info: org.openqa.selenium.chrome.ChromeDriver
Capabilities {acceptInsecureCerts: false, browserName: chrome, browserVersion: 87.0.4280.66, chrome: {chromedriverVersion: 86.0.4240.22 (398b0743353ff..., userDataDir: C:\Users\ADMIN\AppData\Loca...}, goog:chromeOptions: {debuggerAddress: localhost:2353}, javascriptEnabled: true, networkConnectionEnabled: false, pageLoadStrategy: normal, platform: WINDOWS, platformName: WINDOWS, proxy: Proxy(), setWindowRect: true, strictFileInteractability: false, timeouts: {implicit: 0, pageLoad: 300000, script: 30000}, unhandledPromptBehavior: dismiss and notify, webauthn:virtualAuthenticators: true}
Session ID: a9719c403b7ba2be2088209f2079cdea">
      <![CDATA[org.openqa.selenium.StaleElementReferenceException: stale element reference: element is not attached to the page document
  (Session info: chrome=87.0.4280.66)
For documentation on this error, please visit: https://www.seleniumhq.org/exceptions/stale_element_reference.html
Build info: version: '3.141.59', revision: 'e82be7d358', time: '2018-11-14T08:17:03'
System info: host: 'ADMIN-PC', ip: '192.168.0.59', os.name: 'Windows 7', os.arch: 'amd64', os.version: '6.1', java.version: '15.0.1'
Driver info: org.openqa.selenium.chrome.ChromeDriver
Capabilities {acceptInsecureCerts: false, browserName: chrome, browserVersion: 87.0.4280.66, chrome: {chromedriverVersion: 86.0.4240.22 (398b0743353ff..., userDataDir: C:\Users\ADMIN\AppData\Loca...}, goog:chromeOptions: {debuggerAddress: localhost:2353}, javascriptEnabled: true, networkConnectionEnabled: false, pageLoadStrategy: normal, platform: WINDOWS, platformName: WINDOWS, proxy: Proxy(), setWindowRect: true, strictFileInteractability: false, timeouts: {implicit: 0, pageLoad: 300000, script: 30000}, unhandledPromptBehavior: dismiss and notify, webauthn:virtualAuthenticators: true}
Session ID: a9719c403b7ba2be2088209f2079cdea
	at org.openqa.selenium.remote.http.W3CHttpResponseCodec.createException(W3CHttpResponseCodec.java:187)
	at org.openqa.selenium.remote.http.W3CHttpResponseCodec.decode(W3CHttpResponseCodec.java:122)
	at org.openqa.selenium.remote.http.W3CHttpResponseCodec.decode(W3CHttpResponseCodec.java:49)
	at org.openqa.selenium.remote.HttpCommandExecutor.execute(HttpCommandExecutor.java:158)
	at org.openqa.selenium.remote.service.DriverCommandExecutor.execute(DriverCommandExecutor.java:83)
	at org.openqa.selenium.remote.RemoteWebDriver.execute(RemoteWebDriver.java:552)
	at org.openqa.selenium.remote.RemoteWebDriver.perform(RemoteWebDriver.java:618)
	at org.openqa.selenium.interactions.Actions$BuiltAction.perform(Actions.java:639)
	at Classes.SwitchWindow.Mouseover(SwitchWindow.java:94)
... Removed 29 stack frames]]>
    </failure>
  </testcase> <!-- Mouseover -->
  <testcase classname="Classes.SwitchWindow" name="Switchbtw" time="10.548">
    <failure type="org.openqa.selenium.SessionNotCreatedException" message="session not created
from disconnected: received Inspector.detached event
  (Session info: chrome=87.0.4280.66)
Build info: version: &amp;apos;3.141.59&amp;apos;, revision: &amp;apos;e82be7d358&amp;apos;, time: &amp;apos;2018-11-14T08:17:03&amp;apos;
System info: host: &amp;apos;ADMIN-PC&amp;apos;, ip: &amp;apos;192.168.0.59&amp;apos;, os.name: &amp;apos;Windows 7&amp;apos;, os.arch: &amp;apos;amd64&amp;apos;, os.version: &amp;apos;6.1&amp;apos;, java.version: &amp;apos;15.0.1&amp;apos;
Driver info: driver.version: ChromeDriver
remote stacktrace: Backtrace:
	Ordinal0 [0x016CC013+3194899]
	Ordinal0 [0x015B6021+2056225]
	Ordinal0 [0x0144F608+587272]
	Ordinal0 [0x0144421D+541213]
	Ordinal0 [0x01443F34+540468]
	Ordinal0 [0x0144364A+538186]
	Ordinal0 [0x01442A6F+535151]
	Ordinal0 [0x01442E45+536133]
	Ordinal0 [0x014427A5+534437]
	Ordinal0 [0x0144BBC9+572361]
	Ordinal0 [0x01442754+534356]
	Ordinal0 [0x01443475+537717]
	Ordinal0 [0x01442A6F+535151]
	Ordinal0 [0x01442E45+536133]
	Ordinal0 [0x014427A5+534437]
	Ordinal0 [0x01449EFE+564990]
	Ordinal0 [0x01442754+534356]
	Ordinal0 [0x01443475+537717]
	Ordinal0 [0x01442A6F+535151]
	Ordinal0 [0x01442E45+536133]
	Ordinal0 [0x014427A5+534437]
	Ordinal0 [0x01448186+557446]
	Ordinal0 [0x01442754+534356]
	Ordinal0 [0x01443475+537717]
	Ordinal0 [0x01442A6F+535151]
	Ordinal0 [0x01442E45+536133]
	Ordinal0 [0x014427A5+534437]
	Ordinal0 [0x014474A7+554151]
	Ordinal0 [0x01442754+534356]
	Ordinal0 [0x01443475+537717]
	Ordinal0 [0x01442A6F+535151]
	Ordinal0 [0x01442E45+536133]
	Ordinal0 [0x014427A5+534437]
	Ordinal0 [0x0143F06C+520300]
	Ordinal0 [0x01442754+534356]
	Ordinal0 [0x014425BF+533951]
	Ordinal0 [0x014423D3+533459]
	Ordinal0 [0x01450620+591392]
	Ordinal0 [0x013F2A0C+207372]
	Ordinal0 [0x013F1D0D+204045]
	Ordinal0 [0x013EFC1B+195611]
	Ordinal0 [0x013D3B7F+80767]
	Ordinal0 [0x013D4B4E+84814]
	Ordinal0 [0x013D4AD9+84697]
	Ordinal0 [0x015CCE64+2149988]
	GetHandleVerifier [0x0183BE95+1400773]
	GetHandleVerifier [0x0183BB61+1399953]
	GetHandleVerifier [0x018431FA+1430314]
	GetHandleVerifier [0x0183C69F+1402831]
	Ordinal0 [0x015C3D61+2112865]
	Ordinal0 [0x015CE5CB+2155979]
	Ordinal0 [0x015CE6F5+2156277]
	Ordinal0 [0x015DF26E+2224750]
	BaseThreadInitThunk [0x74B6343D+18]
	RtlInitializeExceptionChain [0x77129812+99]
	RtlInitializeExceptionChain [0x771297E5+54]
">
      <![CDATA[org.openqa.selenium.SessionNotCreatedException: session not created
from disconnected: received Inspector.detached event
  (Session info: chrome=87.0.4280.66)
Build info: version: '3.141.59', revision: 'e82be7d358', time: '2018-11-14T08:17:03'
System info: host: 'ADMIN-PC', ip: '192.168.0.59', os.name: 'Windows 7', os.arch: 'amd64', os.version: '6.1', java.version: '15.0.1'
Driver info: driver.version: ChromeDriver
remote stacktrace: Backtrace:
	Ordinal0 [0x016CC013+3194899]
	Ordinal0 [0x015B6021+2056225]
	Ordinal0 [0x0144F608+587272]
	Ordinal0 [0x0144421D+541213]
	Ordinal0 [0x01443F34+540468]
	Ordinal0 [0x0144364A+538186]
	Ordinal0 [0x01442A6F+535151]
	Ordinal0 [0x01442E45+536133]
	Ordinal0 [0x014427A5+534437]
	Ordinal0 [0x0144BBC9+572361]
	Ordinal0 [0x01442754+534356]
	Ordinal0 [0x01443475+537717]
	Ordinal0 [0x01442A6F+535151]
	Ordinal0 [0x01442E45+536133]
	Ordinal0 [0x014427A5+534437]
	Ordinal0 [0x01449EFE+564990]
	Ordinal0 [0x01442754+534356]
	Ordinal0 [0x01443475+537717]
	Ordinal0 [0x01442A6F+535151]
	Ordinal0 [0x01442E45+536133]
	Ordinal0 [0x014427A5+534437]
	Ordinal0 [0x01448186+557446]
	Ordinal0 [0x01442754+534356]
	Ordinal0 [0x01443475+537717]
	Ordinal0 [0x01442A6F+535151]
	Ordinal0 [0x01442E45+536133]
	Ordinal0 [0x014427A5+534437]
	Ordinal0 [0x014474A7+554151]
	Ordinal0 [0x01442754+534356]
	Ordinal0 [0x01443475+537717]
	Ordinal0 [0x01442A6F+535151]
	Ordinal0 [0x01442E45+536133]
	Ordinal0 [0x014427A5+534437]
	Ordinal0 [0x0143F06C+520300]
	Ordinal0 [0x01442754+534356]
	Ordinal0 [0x014425BF+533951]
	Ordinal0 [0x014423D3+533459]
	Ordinal0 [0x01450620+591392]
	Ordinal0 [0x013F2A0C+207372]
	Ordinal0 [0x013F1D0D+204045]
	Ordinal0 [0x013EFC1B+195611]
	Ordinal0 [0x013D3B7F+80767]
	Ordinal0 [0x013D4B4E+84814]
	Ordinal0 [0x013D4AD9+84697]
	Ordinal0 [0x015CCE64+2149988]
	GetHandleVerifier [0x0183BE95+1400773]
	GetHandleVerifier [0x0183BB61+1399953]
	GetHandleVerifier [0x018431FA+1430314]
	GetHandleVerifier [0x0183C69F+1402831]
	Ordinal0 [0x015C3D61+2112865]
	Ordinal0 [0x015CE5CB+2155979]
	Ordinal0 [0x015CE6F5+2156277]
	Ordinal0 [0x015DF26E+2224750]
	BaseThreadInitThunk [0x74B6343D+18]
	RtlInitializeExceptionChain [0x77129812+99]
	RtlInitializeExceptionChain [0x771297E5+54]

	at org.openqa.selenium.remote.W3CHandshakeResponse.lambda$errorHandler$0(W3CHandshakeResponse.java:62)
	at org.openqa.selenium.remote.HandshakeResponse.lambda$getResponseFunction$0(HandshakeResponse.java:30)
	at org.openqa.selenium.remote.ProtocolHandshake.lambda$createSession$0(ProtocolHandshake.java:126)
	at java.base/java.util.stream.ReferencePipeline$3$1.accept(ReferencePipeline.java:195)
	at java.base/java.util.Spliterators$ArraySpliterator.tryAdvance(Spliterators.java:958)
	at java.base/java.util.stream.ReferencePipeline.forEachWithCancel(ReferencePipeline.java:127)
	at java.base/java.util.stream.AbstractPipeline.copyIntoWithCancel(AbstractPipeline.java:502)
	at java.base/java.util.stream.AbstractPipeline.copyInto(AbstractPipeline.java:488)
	at java.base/java.util.stream.AbstractPipeline.wrapAndCopyInto(AbstractPipeline.java:474)
	at java.base/java.util.stream.FindOps$FindOp.evaluateSequential(FindOps.java:150)
	at java.base/java.util.stream.AbstractPipeline.evaluate(AbstractPipeline.java:234)
	at java.base/java.util.stream.ReferencePipeline.findFirst(ReferencePipeline.java:543)
	at org.openqa.selenium.remote.ProtocolHandshake.createSession(ProtocolHandshake.java:128)
	at org.openqa.selenium.remote.ProtocolHandshake.createSession(ProtocolHandshake.java:74)
	at org.openqa.selenium.remote.HttpCommandExecutor.execute(HttpCommandExecutor.java:136)
	at org.openqa.selenium.remote.service.DriverCommandExecutor.execute(DriverCommandExecutor.java:83)
	at org.openqa.selenium.remote.RemoteWebDriver.execute(RemoteWebDriver.java:552)
	at org.openqa.selenium.remote.RemoteWebDriver.startSession(RemoteWebDriver.java:213)
	at org.openqa.selenium.remote.RemoteWebDriver.<init>(RemoteWebDriver.java:131)
	at org.openqa.selenium.chrome.ChromeDriver.<init>(ChromeDriver.java:181)
	at org.openqa.selenium.chrome.ChromeDriver.<init>(ChromeDriver.java:168)
	at org.openqa.selenium.chrome.ChromeDriver.<init>(ChromeDriver.java:123)
	at Classes.SwitchWindow.Switchbtw(SwitchWindow.java:50)
... Removed 29 stack frames]]>
    </failure>
  </testcase> <!-- Switchbtw -->
</testsuite> <!-- Test-firstround -->
